TN:
SF:async\async.js
FN:3,getProducts
FN:10,getSkills
FNF:2
FNH:2
FNDA:3,getProducts
FNDA:6,getSkills
DA:1,1
DA:2,1
DA:3,3
DA:4,3
DA:5,3
DA:6,3
DA:7,1
DA:8,1
DA:9,1
DA:10,6
DA:11,6
DA:12,6
DA:13,1
DA:14,1
DA:15,1
DA:16,1
DA:17,1
LF:17
LH:17
BRDA:3,0,0,3
BRDA:10,1,0,6
BRF:2
BRH:2
end_of_record
TN:
SF:matchers\matchers.js
FN:1,calculator
FN:8,getMessage
FN:12,getUser
FNF:3
FNH:3
FNDA:1,calculator
FNDA:2,getMessage
FNDA:13,getUser
DA:1,1
DA:2,1
DA:3,1
DA:4,1
DA:5,1
DA:6,1
DA:7,1
DA:8,2
DA:9,2
DA:10,2
DA:11,1
DA:12,13
DA:13,13
DA:14,13
DA:15,13
DA:16,13
DA:17,13
DA:18,13
DA:19,13
DA:20,13
DA:21,13
DA:22,13
DA:23,13
DA:24,13
DA:25,1
DA:26,1
DA:27,1
DA:28,1
DA:29,1
DA:30,1
LF:30
LH:30
BRDA:1,0,0,1
BRDA:8,1,0,2
BRDA:12,2,0,13
BRF:3
BRH:3
end_of_record
